<?xml version="1.0" encoding="UTF-8"?>
<!-- Generated by org.testng.reporters.JUnitReportReporter -->
<testsuite hostname="Nehas-MacBook-Pro.local" failures="0" tests="5" name="com.nehanaik.automate.testcases.TestNGTestCases" time="24.048" errors="0" timestamp="08 May 2018 14:04:44 GMT" skipped="0">
  <testcase classname="com.nehanaik.automate.testcases.TestNGTestCases" name="testMethod" time="20.755"/>
  <testcase classname="com.nehanaik.automate.testcases.TestNGTestCases" name="testLoginUsingExcel" time="0.623"/>
  <testcase classname="com.nehanaik.automate.testcases.TestNGTestCases" name="testLoginUsingExcel" time="1.093"/>
  <testcase classname="com.nehanaik.automate.testcases.TestNGTestCases" name="testLoginUsingExcel" time="1.232"/>
  <testcase classname="com.nehanaik.automate.testcases.TestNGTestCases" name="testLoginUsingExcel" time="0.345"/>
</testsuite> <!-- com.nehanaik.automate.testcases.TestNGTestCases -->
